TN:
SF:src\services\slices\constructor\constructorSlice.ts
FN:21,reducer
FN:32,prepare
FN:45,removeBurgerItem
FN:49,moveBurgerItemUp
FN:58,moveBurgerItemDown
FN:67,resetConstructor
FN:73,constructorState
FNF:7
FNH:5
FNDA:3,reducer
FNDA:3,prepare
FNDA:1,removeBurgerItem
FNDA:1,moveBurgerItemUp
FNDA:1,moveBurgerItemDown
FNDA:0,resetConstructor
FNDA:0,constructorState
DA:1,1
DA:2,1
DA:3,1
DA:4,1
DA:5,1
DA:6,1
DA:7,1
DA:8,1
DA:9,1
DA:10,1
DA:11,1
DA:12,1
DA:13,1
DA:14,1
DA:15,1
DA:16,1
DA:17,1
DA:18,1
DA:19,1
DA:20,1
DA:21,1
DA:22,3
DA:23,3
DA:24,3
DA:25,3
DA:26,3
DA:27,2
DA:28,3
DA:29,1
DA:30,1
DA:31,1
DA:32,1
DA:33,3
DA:34,3
DA:35,3
DA:36,3
DA:37,3
DA:38,3
DA:39,3
DA:40,3
DA:41,3
DA:42,3
DA:43,1
DA:44,1
DA:45,1
DA:46,1
DA:47,1
DA:48,1
DA:49,1
DA:50,1
DA:51,1
DA:52,1
DA:53,1
DA:54,1
DA:55,1
DA:56,1
DA:57,1
DA:58,1
DA:59,1
DA:60,1
DA:61,1
DA:62,1
DA:63,1
DA:64,1
DA:65,1
DA:66,1
DA:67,1
DA:68,0
DA:69,0
DA:70,0
DA:71,1
DA:72,1
DA:73,1
DA:74,1
DA:75,1
DA:76,1
DA:77,1
DA:78,1
DA:79,1
DA:80,1
DA:81,1
DA:82,1
DA:83,1
DA:84,1
DA:85,1
DA:86,1
DA:87,1
LF:87
LH:84
BRDA:21,0,0,3
BRDA:26,1,0,2
BRDA:28,2,0,1
BRDA:32,3,0,3
BRDA:45,4,0,1
BRDA:49,5,0,1
BRDA:58,6,0,1
BRF:7
BRH:7
end_of_record
